0 info it worked if it ends with ok
1 verbose cli [ '/usr/bin/node', '/usr/bin/npm', 'install', '-g', 'css2stylus' ]
2 info using npm@1.4.28
3 info using node@v0.10.32
4 verbose node symlink /usr/bin/node
5 verbose cache add [ 'css2stylus', null ]
6 verbose cache add name=undefined spec="css2stylus" args=["css2stylus",null]
7 verbose parsed url { protocol: null,
7 verbose parsed url   slashes: null,
7 verbose parsed url   auth: null,
7 verbose parsed url   host: null,
7 verbose parsed url   port: null,
7 verbose parsed url   hostname: null,
7 verbose parsed url   hash: null,
7 verbose parsed url   search: null,
7 verbose parsed url   query: null,
7 verbose parsed url   pathname: 'css2stylus',
7 verbose parsed url   path: 'css2stylus',
7 verbose parsed url   href: 'css2stylus' }
8 silly lockFile e7437f6f-css2stylus css2stylus
9 verbose lock css2stylus /home/tucarnal/.npm/e7437f6f-css2stylus.lock
10 silly lockFile e7437f6f-css2stylus css2stylus
11 silly lockFile e7437f6f-css2stylus css2stylus
12 verbose addNamed [ 'css2stylus', '' ]
13 verbose addNamed [ null, '*' ]
14 silly lockFile b0374d1f-css2stylus css2stylus@
15 verbose lock css2stylus@ /home/tucarnal/.npm/b0374d1f-css2stylus.lock
16 silly addNameRange { name: 'css2stylus', range: '*', hasData: false }
17 verbose request where is /css2stylus
18 verbose request registry https://registry.npmjs.org/
19 verbose request id d2e426ce2e5e998a
20 verbose url raw /css2stylus
21 verbose url resolving [ 'https://registry.npmjs.org/', './css2stylus' ]
22 verbose url resolved https://registry.npmjs.org/css2stylus
23 verbose request where is https://registry.npmjs.org/css2stylus
24 info trying registry request attempt 1 at 00:30:31
25 http GET https://registry.npmjs.org/css2stylus
26 http 200 https://registry.npmjs.org/css2stylus
27 silly registry.get cb [ 200,
27 silly registry.get   { date: 'Wed, 22 Oct 2014 05:30:32 GMT',
27 silly registry.get     server: 'CouchDB/1.5.0 (Erlang OTP/R16B03)',
27 silly registry.get     etag: '"Q5Y3YW4FOLXI3AUZIPBI6SIX"',
27 silly registry.get     'content-type': 'application/json',
27 silly registry.get     'cache-control': 'max-age=60',
27 silly registry.get     'content-length': '9337',
27 silly registry.get     'accept-ranges': 'bytes',
27 silly registry.get     via: '1.1 varnish',
27 silly registry.get     age: '0',
27 silly registry.get     'x-served-by': 'cache-iad2125-IAD',
27 silly registry.get     'x-cache': 'MISS',
27 silly registry.get     'x-cache-hits': '0',
27 silly registry.get     'x-timer': 'S1413955832.711593,VS0,VE55',
27 silly registry.get     vary: 'Accept',
27 silly registry.get     'keep-alive': 'timeout=10, max=50',
27 silly registry.get     connection: 'Keep-Alive' } ]
28 silly addNameRange number 2 { name: 'css2stylus', range: '*', hasData: true }
29 silly addNameRange versions [ 'css2stylus',
29 silly addNameRange   [ '0.0.1', '0.1.0', '0.1.1', '0.1.2', '0.1.3', '0.1.4' ] ]
30 verbose addNamed [ 'css2stylus', '0.1.4' ]
31 verbose addNamed [ '0.1.4', '0.1.4' ]
32 silly lockFile 2b6db2e1-css2stylus-0-1-4 css2stylus@0.1.4
33 verbose lock css2stylus@0.1.4 /home/tucarnal/.npm/2b6db2e1-css2stylus-0-1-4.lock
34 silly lockFile 66b5e1e6--css2stylus-css2stylus-0-1-4-tgz https://registry.npmjs.org/css2stylus/-/css2stylus-0.1.4.tgz
35 verbose lock https://registry.npmjs.org/css2stylus/-/css2stylus-0.1.4.tgz /home/tucarnal/.npm/66b5e1e6--css2stylus-css2stylus-0-1-4-tgz.lock
36 verbose addRemoteTarball [ 'https://registry.npmjs.org/css2stylus/-/css2stylus-0.1.4.tgz',
36 verbose addRemoteTarball   '0e6222e8ce18ca64b9a87f7b5fccdd02d2aee5ba' ]
37 info retry fetch attempt 1 at 00:30:32
38 verbose fetch to= /tmp/npm-3646-7HaJ5Ecy/registry.npmjs.org/css2stylus/-/css2stylus-0.1.4.tgz
39 http GET https://registry.npmjs.org/css2stylus/-/css2stylus-0.1.4.tgz
40 http 200 https://registry.npmjs.org/css2stylus/-/css2stylus-0.1.4.tgz
41 silly lockFile 66b5e1e6--css2stylus-css2stylus-0-1-4-tgz https://registry.npmjs.org/css2stylus/-/css2stylus-0.1.4.tgz
42 silly lockFile 66b5e1e6--css2stylus-css2stylus-0-1-4-tgz https://registry.npmjs.org/css2stylus/-/css2stylus-0.1.4.tgz
43 silly lockFile 2b6db2e1-css2stylus-0-1-4 css2stylus@0.1.4
44 silly lockFile 2b6db2e1-css2stylus-0-1-4 css2stylus@0.1.4
45 silly lockFile b0374d1f-css2stylus css2stylus@
46 silly lockFile b0374d1f-css2stylus css2stylus@
47 silly resolved [ { name: 'css2stylus',
47 silly resolved     description: 'Converts CSS to Stylus.',
47 silly resolved     version: '0.1.4',
47 silly resolved     author: { name: 'Denis Ciccale', url: '@tdecs' },
47 silly resolved     homepage: 'http://css2stylus.com',
47 silly resolved     repository:
47 silly resolved      { type: 'git',
47 silly resolved        url: 'https://github.com/dciccale/css2stylus.js.git' },
47 silly resolved     bugs: { url: 'http://github.com/dciccale/css2stylus.js/issues' },
47 silly resolved     licenses: [ [Object] ],
47 silly resolved     main: './lib/css2stylus',
47 silly resolved     bin: { css2stylus: './bin/css2stylus' },
47 silly resolved     preferGlobal: 'true',
47 silly resolved     dependencies: { yargs: '^1.2.2' },
47 silly resolved     devDependencies: {},
47 silly resolved     keywords: [ 'css2stylus', 'css', 'stylus', 'converter' ],
47 silly resolved     engines: [ 'node >= 0.6.0' ],
47 silly resolved     _id: 'css2stylus@0.1.4',
47 silly resolved     dist:
47 silly resolved      { shasum: '0e6222e8ce18ca64b9a87f7b5fccdd02d2aee5ba',
47 silly resolved        tarball: 'http://registry.npmjs.org/css2stylus/-/css2stylus-0.1.4.tgz' },
47 silly resolved     _from: 'css2stylus@',
47 silly resolved     _npmVersion: '1.3.24',
47 silly resolved     _npmUser: { name: 'denis', email: 'dciccale@gmail.com' },
47 silly resolved     maintainers: [ [Object] ],
47 silly resolved     directories: {},
47 silly resolved     _shasum: '0e6222e8ce18ca64b9a87f7b5fccdd02d2aee5ba',
47 silly resolved     _resolved: 'https://registry.npmjs.org/css2stylus/-/css2stylus-0.1.4.tgz' } ]
48 info install css2stylus@0.1.4 into /usr/lib
49 info installOne css2stylus@0.1.4
50 verbose lib/node_modules/css2stylus unbuild
51 verbose tar unpack /home/tucarnal/.npm/css2stylus/0.1.4/package.tgz
52 silly lockFile 1504f5fe--usr-lib-node-modules-css2stylus tar:///usr/lib/node_modules/css2stylus
53 verbose lock tar:///usr/lib/node_modules/css2stylus /home/tucarnal/.npm/1504f5fe--usr-lib-node-modules-css2stylus.lock
54 silly lockFile 481132b0-npm-css2stylus-0-1-4-package-tgz tar:///home/tucarnal/.npm/css2stylus/0.1.4/package.tgz
55 verbose lock tar:///home/tucarnal/.npm/css2stylus/0.1.4/package.tgz /home/tucarnal/.npm/481132b0-npm-css2stylus-0-1-4-package-tgz.lock
56 silly gunzTarPerm modes [ '775', '664' ]
57 error Error: EACCES, mkdir '/usr/lib/node_modules/css2stylus'
57 error  { [Error: EACCES, mkdir '/usr/lib/node_modules/css2stylus']
57 error   errno: 3,
57 error   code: 'EACCES',
57 error   path: '/usr/lib/node_modules/css2stylus',
57 error   fstream_type: 'Directory',
57 error   fstream_path: '/usr/lib/node_modules/css2stylus',
57 error   fstream_class: 'DirWriter',
57 error   fstream_stack:
57 error    [ '/usr/lib/node_modules/npm/node_modules/fstream/lib/dir-writer.js:36:23',
57 error      '/usr/lib/node_modules/npm/node_modules/mkdirp/index.js:46:53',
57 error      'Object.oncomplete (fs.js:107:15)' ] }
58 error Please try running this command again as root/Administrator.
59 error System Linux 3.13.0-37-generic
60 error command "/usr/bin/node" "/usr/bin/npm" "install" "-g" "css2stylus"
61 error cwd /home/tucarnal/Entorno_Virtual/Django-1.6.5/Proyectos/Sistema_discusiones/SistemaDiscusiones/static/css
62 error node -v v0.10.32
63 error npm -v 1.4.28
64 error path /usr/lib/node_modules/css2stylus
65 error fstream_path /usr/lib/node_modules/css2stylus
66 error fstream_type Directory
67 error fstream_class DirWriter
68 error code EACCES
69 error errno 3
70 error stack Error: EACCES, mkdir '/usr/lib/node_modules/css2stylus'
71 error fstream_stack /usr/lib/node_modules/npm/node_modules/fstream/lib/dir-writer.js:36:23
71 error fstream_stack /usr/lib/node_modules/npm/node_modules/mkdirp/index.js:46:53
71 error fstream_stack Object.oncomplete (fs.js:107:15)
72 verbose exit [ 3, true ]
